<?xml version="1.0" encoding="UTF-8"?>
<!-- Generated by org.testng.reporters.JUnitReportReporter -->
<testsuite hostname="LAPTOP-AG5AQ5SQ" failures="0" tests="2" name="Pac2.Org" time="0.015" errors="0" timestamp="2024-08-30T12:18:32 IST" skipped="0">
  <testcase classname="Pac2.Org" name="modifyOrgTest" time="0.002"/>
  <system-out/>
  <testcase classname="Pac2.Org" name="creatOrgTest" time="0.013"/>
  <system-out/>
</testsuite> <!-- Pac2.Org -->
