<?xml version="1.0" encoding="UTF-8"?>
<!-- Generated by org.testng.reporters.JUnitReportReporter -->
<testsuite hostname="LAPTOP-AG5AQ5SQ" failures="0" tests="2" name="Pac2.OrgTest" time="0.001" errors="0" timestamp="2024-09-03T10:40:17 IST" skipped="0">
  <testcase classname="Pac2.OrgTest" name="creatOrgTest" time="0.001"/>
  <system-out/>
  <testcase classname="Pac2.OrgTest" name="modifyOrgTest" time="0.000"/>
  <system-out/>
</testsuite> <!-- Pac2.OrgTest -->
