<?xml version="1.0" encoding="UTF-8"?>
<!-- Generated by org.testng.reporters.JUnitReportReporter -->
<testsuite hostname="LAPTOP-AG5AQ5SQ" failures="0" tests="2" name="Pac1.ContactTest" time="0.006" errors="0" timestamp="2024-09-03T10:40:17 IST" skipped="0">
  <testcase classname="Pac1.ContactTest" name="createcontactTest" time="0.006"/>
  <system-out/>
  <testcase classname="Pac1.ContactTest" name="modifycontactTest" time="0.000"/>
  <system-out/>
</testsuite> <!-- Pac1.ContactTest -->
